#
# There is insufficient memory for the Java Runtime Environment to continue.
# Native memory allocation (malloc) failed to allocate 1053696 bytes for Chunk::new
# Possible reasons:
#   The system is out of physical RAM or swap space
#   In 32 bit mode, the process size limit was hit
# Possible solutions:
#   Reduce memory load on the system
#   Increase physical memory or swap space
#   Check if swap backing store is full
#   Use 64 bit Java on a 64 bit OS
#   Decrease Java heap size (-Xmx/-Xms)
#   Decrease number of Java threads
#   Decrease Java thread stack sizes (-Xss)
#   Set larger code cache with -XX:ReservedCodeCacheSize=
# This output file may be truncated or incomplete.
#
#  Out of Memory Error (allocation.cpp:325), pid=9480, tid=6544
#
# JRE version: 7.0_03-b05
# Java VM: Java HotSpot(TM) 64-Bit Server VM (22.1-b02 mixed mode windows-amd64 compressed oops)
# Failed to write core dump. Minidumps are not enabled by default on client versions of Windows
#

---------------  T H R E A D  ---------------

Current thread (0x0000000006473000):  JavaThread "C2 CompilerThread1" daemon [_thread_in_native, id=6544, stack(0x0000000007180000,0x0000000007280000)]

Stack: [0x0000000007180000,0x0000000007280000]

Current CompileTask:
C2:  18895  434   !         com.android.dx.cf.code.Ropper::processBlock (1101 bytes)


---------------  P R O C E S S  ---------------

Java Threads: ( => current thread )
  0x0000000006473800 JavaThread "Service Thread" daemon [_thread_blocked, id=4980, stack(0x0000000005fb0000,0x00000000060b0000)]
=>0x0000000006473000 JavaThread "C2 CompilerThread1" daemon [_thread_in_native, id=6544, stack(0x0000000007180000,0x0000000007280000)]
  0x0000000006471000 JavaThread "C2 CompilerThread0" daemon [_thread_in_native, id=9928, stack(0x0000000006fd0000,0x00000000070d0000)]
  0x0000000006470800 JavaThread "Attach Listener" daemon [_thread_blocked, id=9900, stack(0x00000000068b0000,0x00000000069b0000)]
  0x0000000006469000 JavaThread "Signal Dispatcher" daemon [_thread_blocked, id=7992, stack(0x0000000006b20000,0x0000000006c20000)]
  0x0000000002261800 JavaThread "Finalizer" daemon [_thread_blocked, id=8176, stack(0x0000000006da0000,0x0000000006ea0000)]
  0x0000000002260000 JavaThread "Reference Handler" daemon [_thread_blocked, id=10068, stack(0x0000000006c50000,0x0000000006d50000)]
  0x000000000230b800 JavaThread "main" [_thread_in_native, id=5972, stack(0x0000000002590000,0x0000000002690000)]

Other Threads:
  0x0000000002259000 VMThread [stack: 0x00000000069c0000,0x0000000006ac0000] [id=8252]
  0x0000000006478800 WatcherThread [stack: 0x0000000007390000,0x0000000007490000] [id=7056]

VM state:synchronizing (normal execution)

VM Mutex/Monitor currently owned by a thread:  ([mutex/lock_event])
[0x0000000002309a70] Safepoint_lock - owner thread: 0x0000000002259000
[0x0000000002309af0] Threads_lock - owner thread: 0x0000000002259000

Heap
 PSYoungGen      total 52800K, used 27469K [0x00000000eaab0000, 0x00000000f11d0000, 0x0000000100000000)
  eden space 48768K, 48% used [0x00000000eaab0000,0x00000000ec19b4f0,0x00000000eda50000)
  from space 4032K, 99% used [0x00000000eda50000,0x00000000ede38048,0x00000000ede40000)
  to   space 4032K, 0% used [0x00000000f0de0000,0x00000000f0de0000,0x00000000f11d0000)
 PSOldGen        total 65024K, used 12640K [0x00000000c0000000, 0x00000000c3f80000, 0x00000000eaab0000)
  object space 65024K, 19% used [0x00000000c0000000,0x00000000c0c58128,0x00000000c3f80000)
 PSPermGen       total 21248K, used 6205K [0x00000000bae00000, 0x00000000bc2c0000, 0x00000000c0000000)
  object space 21248K, 29% used [0x00000000bae00000,0x00000000bb40f468,0x00000000bc2c0000)

Code Cache  [0x0000000002690000, 0x0000000002900000, 0x0000000005690000)
 total_blobs=759 nmethods=525 adapters=186 free_code_cache=47198Kb largest_free_block=48269248

Dynamic libraries:
0x000000013f1a0000 - 0x000000013f1d3000 	C:\Program Files\Java\jdk1.7.0_03\bin\java.exe
0x0000000077a10000 - 0x0000000077bba000 	C:\Windows\SYSTEM32\ntdll.dll
0x00000000777f0000 - 0x000000007790f000 	C:\Windows\system32\kernel32.dll
0x000007fefda80000 - 0x000007fefdaeb000 	C:\Windows\system32\KERNELBASE.dll
0x000007feff470000 - 0x000007feff54b000 	C:\Windows\system32\ADVAPI32.dll
0x000007fefedd0000 - 0x000007fefee6f000 	C:\Windows\system32\msvcrt.dll
0x000007feff8b0000 - 0x000007feff8cf000 	C:\Windows\SYSTEM32\sechost.dll
0x000007fefeac0000 - 0x000007fefebed000 	C:\Windows\system32\RPCRT4.dll
0x0000000077910000 - 0x0000000077a0a000 	C:\Windows\system32\USER32.dll
0x000007fefeea0000 - 0x000007fefef07000 	C:\Windows\system32\GDI32.dll
0x000007fefdb50000 - 0x000007fefdb5e000 	C:\Windows\system32\LPK.dll
0x000007feff7e0000 - 0x000007feff8aa000 	C:\Windows\system32\USP10.dll
0x000007fefc1a0000 - 0x000007fefc394000 	C:\Windows\WinSxS\amd64_microsoft.windows.common-controls_6595b64144ccf1df_6.0.7601.18837_none_fa3b1e3d17594757\COMCTL32.dll
0x000007feff0a0000 - 0x000007feff111000 	C:\Windows\system32\SHLWAPI.dll
0x000007fefee70000 - 0x000007fefee9e000 	C:\Windows\system32\IMM32.DLL
0x000007fefdb60000 - 0x000007fefdc69000 	C:\Windows\system32\MSCTF.dll
0x0000000050080000 - 0x0000000050151000 	C:\Program Files\Java\jdk1.7.0_03\jre\bin\msvcr100.dll
0x0000000056de0000 - 0x00000000574ba000 	C:\Program Files\Java\jdk1.7.0_03\jre\bin\server\jvm.dll
0x000007fefa310000 - 0x000007fefa319000 	C:\Windows\system32\WSOCK32.dll
0x000007feffbb0000 - 0x000007feffbfd000 	C:\Windows\system32\WS2_32.dll
0x000007feff8d0000 - 0x000007feff8d8000 	C:\Windows\system32\NSI.dll
0x000007fefb7a0000 - 0x000007fefb7db000 	C:\Windows\system32\WINMM.dll
0x0000000077be0000 - 0x0000000077be7000 	C:\Windows\system32\PSAPI.DLL
0x0000000069a20000 - 0x0000000069a2f000 	C:\Program Files\Java\jdk1.7.0_03\jre\bin\verify.dll
0x0000000064820000 - 0x0000000064848000 	C:\Program Files\Java\jdk1.7.0_03\jre\bin\java.dll
0x00000000687b0000 - 0x00000000687c5000 	C:\Program Files\Java\jdk1.7.0_03\jre\bin\zip.dll
0x0000000068730000 - 0x0000000068749000 	C:\Program Files\Java\jdk1.7.0_03\jre\bin\net.dll
0x000007fefd030000 - 0x000007fefd085000 	C:\Windows\system32\mswsock.dll
0x000007fefd020000 - 0x000007fefd027000 	C:\Windows\System32\wship6.dll
0x0000000064c50000 - 0x0000000064c61000 	C:\Program Files\Java\jdk1.7.0_03\jre\bin\nio.dll

VM Arguments:
jvm_args: -Djava.awt.headless=true -Xmx1024M -Dfile.encoding=windows-1256 -Duser.country=US -Duser.language=en -Duser.variant 
java_command: com.android.dx.command.Main --dex --num-threads=4 --output C:\Users\Farnoosh\AndroidStudioProjects\LearningProject\app\build\intermediates\pre-dexed\debug\internal_impl-23.1.1_e6af1e2419814453c66bfe825c00c13b0d34669e.jar C:\Users\Farnoosh\AndroidStudioProjects\LearningProject\app\build\intermediates\exploded-aar\com.android.support\support-v4\23.1.1\jars\libs\internal_impl-23.1.1.jar
Launcher Type: SUN_STANDARD

Environment Variables:
JAVA_HOME=C:\Program Files\Java\jdk1.7.0_03
PATH=C:\Program Files\Common Files\Microsoft Shared\Windows Live;C:\Program Files (x86)\Common Files\Microsoft Shared\Windows Live;C:\Windows\system32;C:\Windows;C:\Windows\System32\Wbem;C:\Windows\System32\WindowsPowerShell\v1.0\;C:\Program Files\Intel\WiFi\bin\;C:\Program Files\Common Files\Intel\WirelessCommon\;C:\Program Files (x86)\Sony\VAIO Startup Setting Tool;C:\Program Files (x86)\Windows Live\Shared;C:\Program Files (x86)\Common Files\Ulead Systems\MPEG;C:\Program Files (x86)\QuickTime\QTSystem\;C:\Users\Farnoosh\AppData\Roaming\Smilebox;C:\Program Files\Java\jdk1.7.0_03\bin;C:\Users\Farnoosh\AppData\Local\Programs\EmEditor
USERNAME=Farnoosh
OS=Windows_NT
PROCESSOR_IDENTIFIER=Intel64 Family 6 Model 42 Stepping 7, GenuineIntel



